0 info it worked if it ends with ok
1 verbose cli [ '/usr/local/bin/node', '/usr/local/bin/npm', 'start' ]
2 info using npm@3.10.8
3 info using node@v6.9.0
4 verbose run-script [ 'prestart', 'start', 'poststart' ]
5 info lifecycle admin-lte@2.4.2~prestart: admin-lte@2.4.2
6 silly lifecycle admin-lte@2.4.2~prestart: no script for prestart, continuing
7 info lifecycle admin-lte@2.4.2~start: admin-lte@2.4.2
8 verbose lifecycle admin-lte@2.4.2~start: unsafe-perm in lifecycle true
9 verbose lifecycle admin-lte@2.4.2~start: PATH: /usr/local/lib/node_modules/npm/bin/node-gyp-bin:/Users/jaggu/test/doodoo-admin/AdminLTE-master/node_modules/.bin:/usr/local/bin:/usr/bin:/bin:/usr/sbin:/sbin:/Users/jaggu/Library/Android/sdk:/Users/jaggu/Library/Android/sdk/tools/:/Users/jaggu/Library/Android/sdk/platform-tools/:/Users/jaggu/Library/Android/sdk:/Users/jaggu/Library/Android/sdk/tools/:/Users/jaggu/Library/Android/sdk/platform-tools/
10 verbose lifecycle admin-lte@2.4.2~start: CWD: /Users/jaggu/test/doodoo-admin/AdminLTE-master
11 silly lifecycle admin-lte@2.4.2~start: Args: [ '-c', 'node app.js' ]
12 silly lifecycle admin-lte@2.4.2~start: Returned: code: 1  signal: null
13 info lifecycle admin-lte@2.4.2~start: Failed to exec start script
14 verbose stack Error: admin-lte@2.4.2 start: `node app.js`
14 verbose stack Exit status 1
14 verbose stack     at EventEmitter.<anonymous> (/usr/local/lib/node_modules/npm/lib/utils/lifecycle.js:255:16)
14 verbose stack     at emitTwo (events.js:106:13)
14 verbose stack     at EventEmitter.emit (events.js:191:7)
14 verbose stack     at ChildProcess.<anonymous> (/usr/local/lib/node_modules/npm/lib/utils/spawn.js:40:14)
14 verbose stack     at emitTwo (events.js:106:13)
14 verbose stack     at ChildProcess.emit (events.js:191:7)
14 verbose stack     at maybeClose (internal/child_process.js:877:16)
14 verbose stack     at Process.ChildProcess._handle.onexit (internal/child_process.js:226:5)
15 verbose pkgid admin-lte@2.4.2
16 verbose cwd /Users/jaggu/test/doodoo-admin/AdminLTE-master
17 error Darwin 17.5.0
18 error argv "/usr/local/bin/node" "/usr/local/bin/npm" "start"
19 error node v6.9.0
20 error npm  v3.10.8
21 error code ELIFECYCLE
22 error admin-lte@2.4.2 start: `node app.js`
22 error Exit status 1
23 error Failed at the admin-lte@2.4.2 start script 'node app.js'.
23 error Make sure you have the latest version of node.js and npm installed.
23 error If you do, this is most likely a problem with the admin-lte package,
23 error not with npm itself.
23 error Tell the author that this fails on your system:
23 error     node app.js
23 error You can get information on how to open an issue for this project with:
23 error     npm bugs admin-lte
23 error Or if that isn't available, you can get their info via:
23 error     npm owner ls admin-lte
23 error There is likely additional logging output above.
24 verbose exit [ 1, true ]
